Zip Xchange App/xchange_app/build/app/intermediates/manifest_merge_blame_file/release/manifest-merger-blame-release-report.txt
1<?xml version="1.0" encoding="utf-8"?>
2<manifest xmlns:android="http://schemas.android.com/apk/res/android"
3    package="com.pragotomia.xchange_app"
4    android:versionCode="1"
5    android:versionName="1.0.0" >
6
7    <uses-sdk
8        android:minSdkVersion="21"
8-->src\main\AndroidManifest.xml
9        android:targetSdkVersion="29" />
9-->src\main\AndroidManifest.xml
10    <!-- Although the *SdkVersion is captured in gradle build files, this is required for non gradle builds -->
11    <!-- <uses-sdk android:minSdkVersion="14" /> -->
12    <uses-permission android:name="android.permission.ACCESS_NETWORK_STATE" />
12-->[com.google.firebase:firebase-firestore:21.3.0] AndroidManifest.xml:13:5-79
12-->[com.google.firebase:firebase-firestore:21.3.0] AndroidManifest.xml:13:22-76
13    <uses-permission android:name="android.permission.INTERNET" />
13-->[com.google.firebase:firebase-firestore:21.3.0] AndroidManifest.xml:14:5-67
13-->[com.google.firebase:firebase-firestore:21.3.0] AndroidManifest.xml:14:22-64
14    <uses-permission android:name="android.permission.WAKE_LOCK" /> <!-- Required by older versions of Google Play services to create IID tokens -->
14-->[com.google.firebase:firebase-iid:20.0.1] AndroidManifest.xml:24:5-68
14-->[com.google.firebase:firebase-iid:20.0.1] AndroidManifest.xml:24:22-65
15    <uses-permission android:name="com.google.android.c2dm.permission.RECEIVE" />
15-->[com.google.firebase:firebase-iid:20.0.1] AndroidManifest.xml:26:5-82
15-->[com.google.firebase:firebase-iid:20.0.1] AndroidManifest.xml:26:22-79
16    <!--
17 io.flutter.app.FlutterApplication is an android.app.Application that
18         calls FlutterMain.startInitialization(this); in its onCreate method.
19         In most cases you can leave this as-is, but you if you want to provide
20         additional functionality it is fine to subclass or reimplement
21         FlutterApplication and put your custom class here.
22    -->
23    <application
23-->src\main\AndroidManifest.xml:8:5-50:19
24        android:name="io.flutter.app.FlutterApplication"
24-->src\main\AndroidManifest.xml:9:9-57
25        android:appComponentFactory="androidx.core.app.CoreComponentFactory"
25-->[androidx.core:core:1.1.0] AndroidManifest.xml:24:18-86
26        android:icon="@mipmap/ic_launcher"
26-->src\main\AndroidManifest.xml:11:9-43
27        android:label="X-change" >
27-->src\main\AndroidManifest.xml:10:9-33
28        <activity
28-->src\main\AndroidManifest.xml:12:9-44:20
29            android:name="com.pragotomia.xchange_app.MainActivity"
29-->src\main\AndroidManifest.xml:13:13-41
30            android:configChanges="orientation|keyboardHidden|keyboard|screenSize|smallestScreenSize|locale|layoutDirection|fontScale|screenLayout|density|uiMode"
30-->src\main\AndroidManifest.xml:16:13-163
31            android:hardwareAccelerated="true"
31-->src\main\AndroidManifest.xml:17:13-47
32            android:launchMode="singleTop"
32-->src\main\AndroidManifest.xml:14:13-43
33            android:theme="@style/LaunchTheme"
33-->src\main\AndroidManifest.xml:15:13-47
34            android:windowSoftInputMode="adjustResize" >
34-->src\main\AndroidManifest.xml:18:13-55
35
36            <!--
37                 Specifies an Android theme to apply to this Activity as soon as
38                 the Android process has started. This theme is visible to the user
39                 while the Flutter UI initializes. After that, this theme continues
40                 to determine the Window background behind the Flutter UI.
41            -->
42            <meta-data
42-->src\main\AndroidManifest.xml:23:13-26:17
43                android:name="io.flutter.embedding.android.NormalTheme"
43-->src\main\AndroidManifest.xml:24:15-70
44                android:resource="@style/NormalTheme" />
44-->src\main\AndroidManifest.xml:25:15-52
45            <!--
46                 Displays an Android View that continues showing the launch screen
47                 Drawable until Flutter paints its first frame, then this splash
48                 screen fades out. A splash screen is useful to avoid any visual
49                 gap between the end of Android's launch screen and the painting of
50                 Flutter's first frame.
51            -->
52            <meta-data
52-->src\main\AndroidManifest.xml:32:13-35:17
53                android:name="io.flutter.embedding.android.SplashScreenDrawable"
53-->src\main\AndroidManifest.xml:33:15-79
54                android:resource="@drawable/launch_background" />
54-->src\main\AndroidManifest.xml:34:15-61
55
56            <intent-filter>
56-->src\main\AndroidManifest.xml:36:13-39:29
57                <action android:name="android.intent.action.MAIN" />
57-->src\main\AndroidManifest.xml:37:17-68
57-->src\main\AndroidManifest.xml:37:25-66
58
59                <category android:name="android.intent.category.LAUNCHER" />
59-->src\main\AndroidManifest.xml:38:17-76
59-->src\main\AndroidManifest.xml:38:27-74
60            </intent-filter>
61            <intent-filter>
61-->src\main\AndroidManifest.xml:40:13-43:29
62                <action android:name="FLUTTER_NOTIFICATION_CLICK" />
62-->src\main\AndroidManifest.xml:41:17-69
62-->src\main\AndroidManifest.xml:41:25-66
63
64                <category android:name="android.intent.category.DEFAULT" />
64-->src\main\AndroidManifest.xml:42:17-76
64-->src\main\AndroidManifest.xml:42:27-73
65            </intent-filter>
66        </activity>
67        <!--
68             Don't delete the meta-data below.
69             This is used by the Flutter tool to generate GeneratedPluginRegistrant.java
70        -->
71        <meta-data
71-->src\main\AndroidManifest.xml:47:9-49:33
72            android:name="flutterEmbedding"
72-->src\main\AndroidManifest.xml:48:13-44
73            android:value="2" />
73-->src\main\AndroidManifest.xml:49:13-30
74
75        <service
75-->[:firebase_auth] AndroidManifest.xml:8:9-12:19
76            android:name="com.google.firebase.components.ComponentDiscoveryService"
76-->[:firebase_auth] AndroidManifest.xml:8:18-89
77            android:directBootAware="true"
77-->[com.google.firebase:firebase-common:19.3.0] AndroidManifest.xml:34:13-43
78            android:exported="false" >
78-->[com.google.firebase:firebase-auth:19.3.1] AndroidManifest.xml:35:13-37
79            <meta-data
79-->[:firebase_auth] AndroidManifest.xml:9:13-11:85
80                android:name="com.google.firebase.components:io.flutter.plugins.firebaseauth.FlutterFirebaseAppRegistrar"
80-->[:firebase_auth] AndroidManifest.xml:10:17-122
81                android:value="com.google.firebase.components.ComponentRegistrar" />
81-->[:firebase_auth] AndroidManifest.xml:11:17-82
82            <meta-data
82-->[com.google.firebase:firebase-auth:19.3.1] AndroidManifest.xml:36:13-38:85
83                android:name="com.google.firebase.components:com.google.firebase.auth.FirebaseAuthRegistrar"
83-->[com.google.firebase:firebase-auth:19.3.1] AndroidManifest.xml:37:17-109
84                android:value="com.google.firebase.components.ComponentRegistrar" />
84-->[com.google.firebase:firebase-auth:19.3.1] AndroidManifest.xml:38:17-82
85            <meta-data
85-->[:cloud_firestore] AndroidManifest.xml:9:13-11:85
86                android:name="com.google.firebase.components:io.flutter.plugins.firebase.cloudfirestore.FlutterFirebaseAppRegistrar"
86-->[:cloud_firestore] AndroidManifest.xml:10:17-133
87                android:value="com.google.firebase.components.ComponentRegistrar" />
87-->[:cloud_firestore] AndroidManifest.xml:11:17-82
88            <meta-data
88-->[:firebase_core] AndroidManifest.xml:9:13-11:85
89                android:name="com.google.firebase.components:io.flutter.plugins.firebase.core.FlutterFirebaseAppRegistrar"
89-->[:firebase_core] AndroidManifest.xml:10:17-123
90                android:value="com.google.firebase.components.ComponentRegistrar" />
90-->[:firebase_core] AndroidManifest.xml:11:17-82
91            <meta-data
91-->[:firebase_messaging] AndroidManifest.xml:14:13-16:85
92                android:name="com.google.firebase.components:io.flutter.plugins.firebasemessaging.FlutterFirebaseAppRegistrar"
92-->[:firebase_messaging] AndroidManifest.xml:15:17-127
93                android:value="com.google.firebase.components.ComponentRegistrar" />
93-->[:firebase_messaging] AndroidManifest.xml:16:17-82
94            <meta-data
94-->[com.google.firebase:firebase-firestore:21.3.0] AndroidManifest.xml:20:13-22:85
95                android:name="com.google.firebase.components:com.google.firebase.firestore.FirestoreRegistrar"
95-->[com.google.firebase:firebase-firestore:21.3.0] AndroidManifest.xml:21:17-111
96                android:value="com.google.firebase.components.ComponentRegistrar" />
96-->[com.google.firebase:firebase-firestore:21.3.0] AndroidManifest.xml:22:17-82
97            <meta-data
97-->[com.google.firebase:firebase-iid:20.0.1] AndroidManifest.xml:32:13-34:85
98                android:name="com.google.firebase.components:com.google.firebase.iid.Registrar"
98-->[com.google.firebase:firebase-iid:20.0.1] AndroidManifest.xml:33:17-96
99                android:value="com.google.firebase.components.ComponentRegistrar" />
99-->[com.google.firebase:firebase-iid:20.0.1] AndroidManifest.xml:34:17-82
100        </service>
101
102        <activity
102-->[com.google.firebase:firebase-auth:19.3.1] AndroidManifest.xml:24:9-31:50
103            android:name="com.google.firebase.auth.internal.FederatedSignInActivity"
103-->[com.google.firebase:firebase-auth:19.3.1] AndroidManifest.xml:25:13-85
104            android:excludeFromRecents="true"
104-->[com.google.firebase:firebase-auth:19.3.1] AndroidManifest.xml:26:13-46
105            android:exported="true"
105-->[com.google.firebase:firebase-auth:19.3.1] AndroidManifest.xml:27:13-36
106            android:launchMode="singleTask"
106-->[com.google.firebase:firebase-auth:19.3.1] AndroidManifest.xml:28:13-44
107            android:permission="com.google.firebase.auth.api.gms.permission.LAUNCH_FEDERATED_SIGN_IN"
107-->[com.google.firebase:firebase-auth:19.3.1] AndroidManifest.xml:29:13-102
108            android:theme="@android:style/Theme.Translucent.NoTitleBar" />
108-->[com.google.firebase:firebase-auth:19.3.1] AndroidManifest.xml:30:13-72
109
110        <service android:name="io.flutter.plugins.firebasemessaging.FlutterFirebaseMessagingService" >
110-->[:firebase_messaging] AndroidManifest.xml:8:9-12:19
110-->[:firebase_messaging] AndroidManifest.xml:8:18-101
111            <intent-filter>
111-->[:firebase_messaging] AndroidManifest.xml:9:13-11:29
112                <action android:name="com.google.firebase.MESSAGING_EVENT" />
112-->[:firebase_messaging] AndroidManifest.xml:10:17-78
112-->[:firebase_messaging] AndroidManifest.xml:10:25-75
113            </intent-filter>
114        </service>
115
116        <activity
116-->[:razorpay_flutter] AndroidManifest.xml:8:9-11:20
117            android:name="com.razorpay.CheckoutActivity"
117-->[:razorpay_flutter] AndroidManifest.xml:9:13-57
118            android:configChanges="keyboard|keyboardHidden|orientation|screenSize"
118-->[com.razorpay:checkout:1.5.16] AndroidManifest.xml:20:13-83
119            android:label="Razorpay Checkout"
119-->[:razorpay_flutter] AndroidManifest.xml:10:13-46
120            android:theme="@style/CheckoutTheme" >
120-->[com.razorpay:checkout:1.5.16] AndroidManifest.xml:21:13-49
121            <intent-filter>
121-->[com.razorpay:checkout:1.5.16] AndroidManifest.xml:22:13-28:29
122                <action android:name="android.intent.action.MAIN" />
122-->src\main\AndroidManifest.xml:37:17-68
122-->src\main\AndroidManifest.xml:37:25-66
123
124                <data
124-->[com.razorpay:checkout:1.5.16] AndroidManifest.xml:25:17-27:47
125                    android:host="rzp.io"
125-->[com.razorpay:checkout:1.5.16] AndroidManifest.xml:26:21-42
126                    android:scheme="io.rzp" />
126-->[com.razorpay:checkout:1.5.16] AndroidManifest.xml:27:21-44
127            </intent-filter>
128        </activity>
129        <activity
129-->[:url_launcher] AndroidManifest.xml:8:9-11:74
130            android:name="io.flutter.plugins.urllauncher.WebViewActivity"
130-->[:url_launcher] AndroidManifest.xml:9:13-74
131            android:exported="false"
131-->[:url_launcher] AndroidManifest.xml:10:13-37
132            android:theme="@android:style/Theme.NoTitleBar.Fullscreen" />
132-->[:url_launcher] AndroidManifest.xml:11:13-71
133        <!--
134             FirebaseMessagingService performs security checks at runtime,
135             but set to not exported to explicitly avoid allowing another app to call it.
136        -->
137        <service
137-->[com.google.firebase:firebase-messaging:20.0.1] AndroidManifest.xml:28:9-34:19
138            android:name="com.google.firebase.messaging.FirebaseMessagingService"
138-->[com.google.firebase:firebase-messaging:20.0.1] AndroidManifest.xml:29:13-82
139            android:exported="false" >
139-->[com.google.firebase:firebase-messaging:20.0.1] AndroidManifest.xml:30:13-37
140            <intent-filter android:priority="-500" >
140-->[:firebase_messaging] AndroidManifest.xml:9:13-11:29
141                <action android:name="com.google.firebase.MESSAGING_EVENT" />
141-->[:firebase_messaging] AndroidManifest.xml:10:17-78
141-->[:firebase_messaging] AndroidManifest.xml:10:25-75
142            </intent-filter>
143        </service>
144
145        <receiver
145-->[com.google.firebase:firebase-iid:20.0.1] AndroidManifest.xml:37:9-44:20
146            android:name="com.google.firebase.iid.FirebaseInstanceIdReceiver"
146-->[com.google.firebase:firebase-iid:20.0.1] AndroidManifest.xml:38:13-78
147            android:exported="true"
147-->[com.google.firebase:firebase-iid:20.0.1] AndroidManifest.xml:39:13-36
148            android:permission="com.google.android.c2dm.permission.SEND" >
148-->[com.google.firebase:firebase-iid:20.0.1] AndroidManifest.xml:40:13-73
149            <intent-filter>
149-->[com.google.firebase:firebase-iid:20.0.1] AndroidManifest.xml:41:13-43:29
150                <action android:name="com.google.android.c2dm.intent.RECEIVE" />
150-->[com.google.firebase:firebase-iid:20.0.1] AndroidManifest.xml:42:17-81
150-->[com.google.firebase:firebase-iid:20.0.1] AndroidManifest.xml:42:25-78
151            </intent-filter>
152        </receiver>
153
154        <activity
154-->[com.google.android.gms:play-services-base:17.1.0] AndroidManifest.xml:23:9-26:75
155            android:name="com.google.android.gms.common.api.GoogleApiActivity"
155-->[com.google.android.gms:play-services-base:17.1.0] AndroidManifest.xml:24:13-79
156            android:exported="false"
156-->[com.google.android.gms:play-services-base:17.1.0] AndroidManifest.xml:25:13-37
157            android:theme="@android:style/Theme.Translucent.NoTitleBar" />
157-->[com.google.android.gms:play-services-base:17.1.0] AndroidManifest.xml:26:13-72
158
159        <provider
159-->[com.google.firebase:firebase-common:19.3.0] AndroidManifest.xml:26:9-30:39
160            android:name="com.google.firebase.provider.FirebaseInitProvider"
160-->[com.google.firebase:firebase-common:19.3.0] AndroidManifest.xml:27:13-77
161            android:authorities="com.pragotomia.xchange_app.firebaseinitprovider"
161-->[com.google.firebase:firebase-common:19.3.0] AndroidManifest.xml:28:13-72
162            android:exported="false"
162-->[com.google.firebase:firebase-common:19.3.0] AndroidManifest.xml:29:13-37
163            android:initOrder="100" />
163-->[com.google.firebase:firebase-common:19.3.0] AndroidManifest.xml:30:13-36
164
165        <meta-data
165-->[com.google.android.gms:play-services-basement:17.0.0] AndroidManifest.xml:23:9-25:69
166            android:name="com.google.android.gms.version"
166-->[com.google.android.gms:play-services-basement:17.0.0] AndroidManifest.xml:24:13-58
167            android:value="@integer/google_play_services_version" />
167-->[com.google.android.gms:play-services-basement:17.0.0] AndroidManifest.xml:25:13-66
168
169        <receiver android:name="com.razorpay.RzpTokenReceiver" >
169-->[com.razorpay:checkout:1.5.16] AndroidManifest.xml:12:9-16:20
169-->[com.razorpay:checkout:1.5.16] AndroidManifest.xml:12:19-63
170            <intent-filter>
170-->[com.razorpay:checkout:1.5.16] AndroidManifest.xml:13:13-15:29
171                <action android:name="rzp.device_token.share" />
171-->[com.razorpay:checkout:1.5.16] AndroidManifest.xml:14:17-65
171-->[com.razorpay:checkout:1.5.16] AndroidManifest.xml:14:25-62
172            </intent-filter>
173        </receiver>
174    </application>
175
176</manifest>